2022-03-07 08:04:59,862 [Worker-4: Loading available Gradle versions] INFO  o.e.b.c.i.u.g.PublishedGradleVersions - Gradle version information cache is up-to-date. Trying to read.
2022-03-07 08:07:31,123 [Worker-0: Loading available Gradle versions] INFO  o.e.b.c.i.u.g.PublishedGradleVersions - Gradle version information cache is up-to-date. Trying to read.
2022-04-04 07:39:18,462 [Worker-1: Loading available Gradle versions] INFO  o.e.b.c.i.u.g.PublishedGradleVersions - Gradle version information cache is up-to-date. Trying to read.
2022-04-04 07:39:47,522 [Worker-1: Importing Maven projects] INFO  o.e.m.c.i.l.LifecycleMappingFactory - Using org.eclipse.m2e.jdt.JarLifecycleMapping lifecycle mapping for MavenProject: br.com.etechoracio:boa-viagem-api:0.0.1-SNAPSHOT @ C:\Users\Aluno\Documents\Aula\20220404\pw3\gabrielXavier\boa-viagem-api\boa-viagem-api\pom.xml.
2022-04-04 07:40:03,076 [Worker-1: Importing Maven projects] INFO  o.e.m.j.i.AbstractJavaProjectConfigurator - Adding source folder /boa-viagem-api/src/main/java
2022-04-04 07:40:03,076 [Worker-1: Importing Maven projects] INFO  o.e.m.j.i.AbstractJavaProjectConfigurator - Adding resource folder /boa-viagem-api/src/main/resources
2022-04-04 07:40:03,106 [Worker-1: Importing Maven projects] INFO  o.e.m.j.i.AbstractJavaProjectConfigurator - Adding resource folder /boa-viagem-api/src/main/resources
2022-04-04 07:40:03,116 [Worker-1: Importing Maven projects] INFO  o.e.m.j.i.AbstractJavaProjectConfigurator - Adding source folder /boa-viagem-api/src/test/java
2022-04-04 07:40:09,654 [Worker-1: Importing Maven projects] INFO  o.e.m.c.i.p.ProjectConfigurationManager - Imported and configured 1 project(s) in 33 sec
2022-04-04 07:40:11,916 [Worker-1: Building workspace] INFO  o.e.m.c.i.embedder.EclipseLogger - Using 'UTF-8' encoding to copy filtered resources.
2022-04-04 07:40:11,916 [Worker-1: Building workspace] INFO  o.e.m.c.i.embedder.EclipseLogger - Using 'UTF-8' encoding to copy filtered properties files.
2022-04-04 07:40:11,922 [Worker-1: Building workspace] INFO  o.e.m.c.i.embedder.EclipseLogger - Copying 1 resource
2022-04-04 07:40:11,954 [Worker-1: Building workspace] INFO  o.e.m.c.i.embedder.EclipseLogger - Copying 0 resource
2022-04-04 07:40:11,957 [Worker-1: Building workspace] INFO  o.e.m.c.i.embedder.EclipseLogger - Using 'UTF-8' encoding to copy filtered resources.
2022-04-04 07:40:11,957 [Worker-1: Building workspace] INFO  o.e.m.c.i.embedder.EclipseLogger - Using 'UTF-8' encoding to copy filtered properties files.
2022-04-04 07:40:11,957 [Worker-1: Building workspace] INFO  o.e.m.c.i.embedder.EclipseLogger - skip non existing resourceDirectory C:\Users\Aluno\Documents\Aula\20220404\pw3\gabrielXavier\boa-viagem-api\boa-viagem-api\src\test\resources
2022-04-04 08:21:44,678 [Worker-27: Building workspace] INFO  o.e.m.c.i.embedder.EclipseLogger - Using 'UTF-8' encoding to copy filtered resources.
2022-04-04 08:21:44,678 [Worker-27: Building workspace] INFO  o.e.m.c.i.embedder.EclipseLogger - Using 'UTF-8' encoding to copy filtered properties files.
2022-04-04 08:21:44,678 [Worker-27: Building workspace] INFO  o.e.m.c.i.embedder.EclipseLogger - Copying 1 resource
2022-04-04 08:21:44,694 [Worker-27: Building workspace] INFO  o.e.m.c.i.embedder.EclipseLogger - Copying 0 resource
2022-04-04 08:21:44,694 [Worker-27: Building workspace] INFO  o.e.m.c.i.embedder.EclipseLogger - Using 'UTF-8' encoding to copy filtered resources.
2022-04-04 08:21:44,694 [Worker-27: Building workspace] INFO  o.e.m.c.i.embedder.EclipseLogger - Using 'UTF-8' encoding to copy filtered properties files.
2022-04-04 08:21:44,694 [Worker-27: Building workspace] INFO  o.e.m.c.i.embedder.EclipseLogger - skip non existing resourceDirectory C:\Users\Aluno\Documents\Aula\20220404\pw3\gabrielXavier\boa-viagem-api\boa-viagem-api\src\test\resources
2022-04-04 08:21:51,286 [Worker-25: Building workspace] INFO  o.e.m.c.i.embedder.EclipseLogger - Using 'UTF-8' encoding to copy filtered resources.
2022-04-04 08:21:51,286 [Worker-25: Building workspace] INFO  o.e.m.c.i.embedder.EclipseLogger - Using 'UTF-8' encoding to copy filtered properties files.
2022-04-04 08:21:51,286 [Worker-25: Building workspace] INFO  o.e.m.c.i.embedder.EclipseLogger - Copying 1 resource
2022-04-04 08:21:51,317 [Worker-25: Building workspace] INFO  o.e.m.c.i.embedder.EclipseLogger - Copying 0 resource
2022-04-04 08:21:51,333 [Worker-25: Building workspace] INFO  o.e.m.c.i.embedder.EclipseLogger - Using 'UTF-8' encoding to copy filtered resources.
2022-04-04 08:21:51,333 [Worker-25: Building workspace] INFO  o.e.m.c.i.embedder.EclipseLogger - Using 'UTF-8' encoding to copy filtered properties files.
2022-04-04 08:21:51,333 [Worker-25: Building workspace] INFO  o.e.m.c.i.embedder.EclipseLogger - skip non existing resourceDirectory C:\Users\Aluno\Documents\Aula\20220404\pw3\gabrielXavier\boa-viagem-api\boa-viagem-api\src\test\resources
2022-04-04 08:25:37,236 [Worker-31: Building workspace] INFO  o.e.m.c.i.embedder.EclipseLogger - Using 'UTF-8' encoding to copy filtered resources.
2022-04-04 08:25:37,236 [Worker-31: Building workspace] INFO  o.e.m.c.i.embedder.EclipseLogger - Using 'UTF-8' encoding to copy filtered properties files.
2022-04-04 08:25:37,236 [Worker-31: Building workspace] INFO  o.e.m.c.i.embedder.EclipseLogger - Copying 1 resource
2022-04-04 08:25:37,236 [Worker-31: Building workspace] INFO  o.e.m.c.i.embedder.EclipseLogger - Copying 0 resource
2022-04-04 08:25:37,252 [Worker-31: Building workspace] INFO  o.e.m.c.i.embedder.EclipseLogger - Using 'UTF-8' encoding to copy filtered resources.
2022-04-04 08:25:37,252 [Worker-31: Building workspace] INFO  o.e.m.c.i.embedder.EclipseLogger - Using 'UTF-8' encoding to copy filtered properties files.
2022-04-04 08:25:37,252 [Worker-31: Building workspace] INFO  o.e.m.c.i.embedder.EclipseLogger - skip non existing resourceDirectory C:\Users\Aluno\Documents\Aula\20220404\pw3\gabrielXavier\boa-viagem-api\boa-viagem-api\src\test\resources
2022-04-04 08:42:16,119 [Worker-31: Launching BoaViagemApiApplication] INFO  o.e.m.c.i.embedder.EclipseLogger - Using 'UTF-8' encoding to copy filtered resources.
2022-04-04 08:42:16,119 [Worker-31: Launching BoaViagemApiApplication] INFO  o.e.m.c.i.embedder.EclipseLogger - Using 'UTF-8' encoding to copy filtered properties files.
2022-04-04 08:42:16,119 [Worker-31: Launching BoaViagemApiApplication] INFO  o.e.m.c.i.embedder.EclipseLogger - Copying 1 resource
2022-04-04 08:42:16,134 [Worker-31: Launching BoaViagemApiApplication] INFO  o.e.m.c.i.embedder.EclipseLogger - Copying 0 resource
2022-04-04 08:42:16,134 [Worker-31: Launching BoaViagemApiApplication] INFO  o.e.m.c.i.embedder.EclipseLogger - Using 'UTF-8' encoding to copy filtered resources.
2022-04-04 08:42:16,134 [Worker-31: Launching BoaViagemApiApplication] INFO  o.e.m.c.i.embedder.EclipseLogger - Using 'UTF-8' encoding to copy filtered properties files.
2022-04-04 08:42:16,134 [Worker-31: Launching BoaViagemApiApplication] INFO  o.e.m.c.i.embedder.EclipseLogger - skip non existing resourceDirectory C:\Users\Aluno\Documents\Aula\20220404\pw3\gabrielXavier\boa-viagem-api\boa-viagem-api\src\test\resources
2022-04-04 08:43:06,020 [Worker-38: Launching BoaViagemApiApplication] INFO  o.e.m.c.i.embedder.EclipseLogger - Using 'UTF-8' encoding to copy filtered resources.
2022-04-04 08:43:06,021 [Worker-38: Launching BoaViagemApiApplication] INFO  o.e.m.c.i.embedder.EclipseLogger - Using 'UTF-8' encoding to copy filtered properties files.
2022-04-04 08:43:06,024 [Worker-38: Launching BoaViagemApiApplication] INFO  o.e.m.c.i.embedder.EclipseLogger - Copying 1 resource
2022-04-04 08:43:06,059 [Worker-38: Launching BoaViagemApiApplication] INFO  o.e.m.c.i.embedder.EclipseLogger - Copying 0 resource
2022-04-04 08:43:06,059 [Worker-38: Launching BoaViagemApiApplication] INFO  o.e.m.c.i.embedder.EclipseLogger - Using 'UTF-8' encoding to copy filtered resources.
2022-04-04 08:43:06,059 [Worker-38: Launching BoaViagemApiApplication] INFO  o.e.m.c.i.embedder.EclipseLogger - Using 'UTF-8' encoding to copy filtered properties files.
2022-04-04 08:43:06,059 [Worker-38: Launching BoaViagemApiApplication] INFO  o.e.m.c.i.embedder.EclipseLogger - skip non existing resourceDirectory C:\Users\Aluno\Documents\Aula\20220404\pw3\gabrielXavier\boa-viagem-api\boa-viagem-api\src\test\resources
2022-04-04 08:45:35,584 [Worker-39: Launching BoaViagemApiApplication] INFO  o.e.m.c.i.embedder.EclipseLogger - Using 'UTF-8' encoding to copy filtered resources.
2022-04-04 08:45:35,584 [Worker-39: Launching BoaViagemApiApplication] INFO  o.e.m.c.i.embedder.EclipseLogger - Using 'UTF-8' encoding to copy filtered properties files.
2022-04-04 08:45:35,584 [Worker-39: Launching BoaViagemApiApplication] INFO  o.e.m.c.i.embedder.EclipseLogger - Copying 1 resource
2022-04-04 08:45:35,584 [Worker-39: Launching BoaViagemApiApplication] INFO  o.e.m.c.i.embedder.EclipseLogger - Copying 0 resource
2022-04-04 08:45:35,584 [Worker-39: Launching BoaViagemApiApplication] INFO  o.e.m.c.i.embedder.EclipseLogger - Using 'UTF-8' encoding to copy filtered resources.
2022-04-04 08:45:35,584 [Worker-39: Launching BoaViagemApiApplication] INFO  o.e.m.c.i.embedder.EclipseLogger - Using 'UTF-8' encoding to copy filtered properties files.
2022-04-04 08:45:35,584 [Worker-39: Launching BoaViagemApiApplication] INFO  o.e.m.c.i.embedder.EclipseLogger - skip non existing resourceDirectory C:\Users\Aluno\Documents\Aula\20220404\pw3\gabrielXavier\boa-viagem-api\boa-viagem-api\src\test\resources
2022-04-04 08:46:30,042 [Worker-39: Launching BoaViagemApiApplication] INFO  o.e.m.c.i.embedder.EclipseLogger - Using 'UTF-8' encoding to copy filtered resources.
2022-04-04 08:46:30,042 [Worker-39: Launching BoaViagemApiApplication] INFO  o.e.m.c.i.embedder.EclipseLogger - Using 'UTF-8' encoding to copy filtered properties files.
2022-04-04 08:46:30,042 [Worker-39: Launching BoaViagemApiApplication] INFO  o.e.m.c.i.embedder.EclipseLogger - Copying 1 resource
2022-04-04 08:46:30,073 [Worker-39: Launching BoaViagemApiApplication] INFO  o.e.m.c.i.embedder.EclipseLogger - Copying 0 resource
2022-04-04 08:46:30,073 [Worker-39: Launching BoaViagemApiApplication] INFO  o.e.m.c.i.embedder.EclipseLogger - Using 'UTF-8' encoding to copy filtered resources.
2022-04-04 08:46:30,073 [Worker-39: Launching BoaViagemApiApplication] INFO  o.e.m.c.i.embedder.EclipseLogger - Using 'UTF-8' encoding to copy filtered properties files.
2022-04-04 08:46:30,073 [Worker-39: Launching BoaViagemApiApplication] INFO  o.e.m.c.i.embedder.EclipseLogger - skip non existing resourceDirectory C:\Users\Aluno\Documents\Aula\20220404\pw3\gabrielXavier\boa-viagem-api\boa-viagem-api\src\test\resources
2022-04-04 08:47:05,474 [Worker-39: Launching BoaViagemApiApplication] INFO  o.e.m.c.i.embedder.EclipseLogger - Using 'UTF-8' encoding to copy filtered resources.
2022-04-04 08:47:05,474 [Worker-39: Launching BoaViagemApiApplication] INFO  o.e.m.c.i.embedder.EclipseLogger - Using 'UTF-8' encoding to copy filtered properties files.
2022-04-04 08:47:05,474 [Worker-39: Launching BoaViagemApiApplication] INFO  o.e.m.c.i.embedder.EclipseLogger - Copying 1 resource
2022-04-04 08:47:05,490 [Worker-39: Launching BoaViagemApiApplication] INFO  o.e.m.c.i.embedder.EclipseLogger - Copying 0 resource
2022-04-04 08:47:05,490 [Worker-39: Launching BoaViagemApiApplication] INFO  o.e.m.c.i.embedder.EclipseLogger - Using 'UTF-8' encoding to copy filtered resources.
2022-04-04 08:47:05,490 [Worker-39: Launching BoaViagemApiApplication] INFO  o.e.m.c.i.embedder.EclipseLogger - Using 'UTF-8' encoding to copy filtered properties files.
2022-04-04 08:47:05,490 [Worker-39: Launching BoaViagemApiApplication] INFO  o.e.m.c.i.embedder.EclipseLogger - skip non existing resourceDirectory C:\Users\Aluno\Documents\Aula\20220404\pw3\gabrielXavier\boa-viagem-api\boa-viagem-api\src\test\resources
2022-04-04 08:48:20,330 [Worker-39: Launching BoaViagemApiApplication] INFO  o.e.m.c.i.embedder.EclipseLogger - Using 'UTF-8' encoding to copy filtered resources.
2022-04-04 08:48:20,330 [Worker-39: Launching BoaViagemApiApplication] INFO  o.e.m.c.i.embedder.EclipseLogger - Using 'UTF-8' encoding to copy filtered properties files.
2022-04-04 08:48:20,331 [Worker-39: Launching BoaViagemApiApplication] INFO  o.e.m.c.i.embedder.EclipseLogger - Copying 1 resource
2022-04-04 08:48:20,342 [Worker-39: Launching BoaViagemApiApplication] INFO  o.e.m.c.i.embedder.EclipseLogger - Copying 0 resource
2022-04-04 08:48:20,342 [Worker-39: Launching BoaViagemApiApplication] INFO  o.e.m.c.i.embedder.EclipseLogger - Using 'UTF-8' encoding to copy filtered resources.
